<?xml version="1.0" encoding="UTF-8"?>
<!-- Generated by org.testng.reporters.JUnitReportReporter -->
<testsuite skipped="0" hostname="PTD23477" name="testcases.LoginPageTest" tests="2" failures="0" timestamp="06 Jul 2018 11:18:22 GMT" time="89.856" errors="0">
  <testcase name="login" time="47.572" classname="testcases.LoginPageTest"/>
  <testcase name="login" time="42.284" classname="testcases.LoginPageTest"/>
</testsuite> <!-- testcases.LoginPageTest -->
