<?xml version="1.0" encoding="UTF-8"?>
<!-- Generated by org.testng.reporters.JUnitReportReporter -->
<testsuite skipped="0" hostname="PTD23477" name="testcases.PolicyManagementPageTest" tests="1" failures="0" timestamp="09 Jul 2018 15:01:55 GMT" time="44.678" errors="0">
  <testcase name="createNewEnvironment" time="44.678" classname="testcases.PolicyManagementPageTest"/>
</testsuite> <!-- testcases.PolicyManagementPageTest -->
