<?xml version="1.0" encoding="UTF-8"?>
<!-- Generated by org.testng.reporters.JUnitReportReporter -->
<testsuite skipped="1" hostname="PTD23477" name="testcases.DashBoardPageTest" tests="3" failures="0" timestamp="18 Jul 2018 13:11:22 GMT" time="148.839" errors="0">
  <testcase name="verifyDashboardPage" time="50.774" classname="testcases.DashBoardPageTest"/>
  <testcase name="Test2" time="51.596" classname="testcases.DashBoardPageTest">
    <skipped/>
  </testcase> <!-- Test2 -->
  <testcase name="Test3" time="46.469" classname="testcases.DashBoardPageTest"/>
</testsuite> <!-- testcases.DashBoardPageTest -->
