<?xml version="1.0" encoding="UTF-8"?>
<!-- Generated by org.testng.reporters.JUnitReportReporter -->
<testsuite skipped="0" hostname="PTD23477" name="testcases.LoginPageTest" tests="1" failures="0" timestamp="18 Jul 2018 13:11:22 GMT" time="46.228" errors="0">
  <testcase name="login" time="46.228" classname="testcases.LoginPageTest"/>
</testsuite> <!-- testcases.LoginPageTest -->
