<?xml version="1.0" encoding="UTF-8"?>
<!-- Generated by org.testng.reporters.JUnitReportReporter -->
<testsuite skipped="0" hostname="PTD23477" name="testcases.LoginPageTest" tests="1" failures="0" timestamp="16 Jul 2018 07:08:45 GMT" time="54.107" errors="0">
  <testcase name="login" time="54.107" classname="testcases.LoginPageTest"/>
</testsuite> <!-- testcases.LoginPageTest -->
